<?xml version="1.0" encoding="UTF-8"?>
<!-- Generated by org.testng.reporters.JUnitReportReporter -->
<testsuite hostname="DESKTOP-F52EDBA" failures="0" tests="1" name="testNGImplementation.CreateContactWithExistingOrganizationTest" time="31.510" errors="0" timestamp="2023-01-03T14:46:48 IST" skipped="0">
  <testcase classname="testNGImplementation.CreateContactWithExistingOrganizationTest" name="createContactTest" time="31.510"/>
  <system-out/>
</testsuite> <!-- testNGImplementation.CreateContactWithExistingOrganizationTest -->
