<?xml version="1.0" encoding="UTF-8"?>
<!-- Generated by org.testng.reporters.JUnitReportReporter -->
<testsuite hostname="DESKTOP-F52EDBA" failures="0" tests="1" name="testNGImplementation.CreateContactWithExistingOrganizationTest" time="31.483" errors="0" timestamp="2023-01-02T16:06:06 IST" skipped="0">
  <testcase classname="testNGImplementation.CreateContactWithExistingOrganizationTest" name="createContactTest" time="31.483"/>
  <system-out/>
</testsuite> <!-- testNGImplementation.CreateContactWithExistingOrganizationTest -->
