<?xml version="1.0" encoding="UTF-8"?>
<!-- Generated by org.testng.reporters.JUnitReportReporter -->
<testsuite hostname="DESKTOP-F52EDBA" failures="0" tests="1" name="testNGImplementation.CreateOrganizationTest" time="26.316" errors="0" timestamp="2023-01-02T16:06:06 IST" skipped="0">
  <testcase classname="testNGImplementation.CreateOrganizationTest" name="createOrganizationTest" time="26.316"/>
  <system-out/>
</testsuite> <!-- testNGImplementation.CreateOrganizationTest -->
