<?xml version="1.0" encoding="UTF-8"?>
<!-- Generated by org.testng.reporters.JUnitReportReporter -->
<testsuite hostname="DESKTOP-F52EDBA" failures="0" tests="1" name="testNGImplementation.CreateOrganizationTest" time="33.874" errors="0" timestamp="2023-01-12T14:42:46 IST" skipped="0">
  <testcase classname="testNGImplementation.CreateOrganizationTest" name="createOrganizationTest" time="33.874"/>
  <system-out/>
</testsuite> <!-- testNGImplementation.CreateOrganizationTest -->
