<?xml version="1.0" encoding="UTF-8"?>
<!-- Generated by org.testng.reporters.JUnitReportReporter -->
<testsuite hostname="DESKTOP-F52EDBA" failures="0" tests="1" name="testNGImplementation.CreateOrganizationTest" time="16.495" errors="0" timestamp="2022-12-31T15:27:51 IST" skipped="0">
  <testcase classname="testNGImplementation.CreateOrganizationTest" name="createOrganizationTest" time="16.495"/>
  <system-out/>
</testsuite> <!-- testNGImplementation.CreateOrganizationTest -->
